<?xml version="1.0" encoding="UTF-8"?>
<!-- Generated by org.testng.reporters.JUnitReportReporter -->
<testsuite hostname="DESKTOP-S0OT7OH" failures="0" tests="5" name="Practice.DataProviderTest" time="0.072" errors="0" timestamp="2023-02-23T12:36:31 IST" skipped="0">
  <testcase classname="Practice.DataProviderTest" name="bookTicket" time="0.054"/>
  <system-out/>
  <testcase classname="Practice.DataProviderTest" name="bookTicket" time="0.005"/>
  <system-out/>
  <testcase classname="Practice.DataProviderTest" name="bookTicket" time="0.006"/>
  <system-out/>
  <testcase classname="Practice.DataProviderTest" name="bookTicket" time="0.003"/>
  <system-out/>
  <testcase classname="Practice.DataProviderTest" name="bookTicket" time="0.004"/>
  <system-out/>
</testsuite> <!-- Practice.DataProviderTest -->
