<?xml version="1.0" encoding="UTF-8"?>
<!-- Generated by org.testng.reporters.JUnitReportReporter -->
<testsuite hostname="DESKTOP-S0OT7OH" failures="0" tests="2" name="Practice.DataProviderFromExcel" time="254.939" errors="0" timestamp="2023-05-15T16:06:21 IST" skipped="0">
  <testcase classname="Practice.DataProviderFromExcel" name="companyDetails" time="197.167"/>
  <system-out/>
  <testcase classname="Practice.DataProviderFromExcel" name="companyDetails" time="57.772"/>
  <system-out/>
</testsuite> <!-- Practice.DataProviderFromExcel -->
