<?xml version="1.0" encoding="UTF-8"?>
<!-- Generated by org.testng.reporters.JUnitReportReporter -->
<testsuite hostname="DESKTOP-S0OT7OH" failures="0" tests="4" name="Practice.TestNGPractice1" time="0.035" errors="0" timestamp="2023-02-23T12:29:03 IST" skipped="0">
  <testcase classname="Practice.TestNGPractice1" name="deleteContact" time="0.002"/>
  <system-out/>
  <testcase classname="Practice.TestNGPractice1" name="modifyContact" time="0.002"/>
  <system-out/>
  <testcase classname="Practice.TestNGPractice1" name="modifyContact" time="0.022"/>
  <system-out/>
  <testcase classname="Practice.TestNGPractice1" name="createContact" time="0.009"/>
  <system-out/>
</testsuite> <!-- Practice.TestNGPractice1 -->
