<?xml version="1.0" encoding="UTF-8"?>
<!-- Generated by org.testng.reporters.JUnitReportReporter -->
<testsuite hostname="DESKTOP-S0OT7OH" failures="0" tests="1" name="Product.CreateProduct" time="72.476" errors="0" timestamp="2023-02-24T12:41:33 IST" skipped="0">
  <testcase classname="Product.CreateProduct" name="CreateProduct" time="72.476"/>
  <system-out/>
</testsuite> <!-- Product.CreateProduct -->
