<?xml version="1.0" encoding="UTF-8"?>
<!-- Generated by org.testng.reporters.JUnitReportReporter -->
<testsuite hostname="DESKTOP-S0OT7OH" failures="0" tests="1" name="Product.CreateProductDeleteProduct" time="108.191" errors="0" timestamp="2023-02-24T12:56:25 IST" skipped="0">
  <testcase classname="Product.CreateProductDeleteProduct" name="CreateProductDeleteProduct" time="108.191"/>
  <system-out/>
</testsuite> <!-- Product.CreateProductDeleteProduct -->
