<?xml version="1.0" encoding="UTF-8"?>
<!-- Generated by org.testng.reporters.JUnitReportReporter -->
<testsuite hostname="DESKTOP-S0OT7OH" failures="0" tests="1" name="Campaign.CreateCampaignTest" time="129.167" errors="0" timestamp="2023-03-02T11:34:34 IST" skipped="0">
  <testcase classname="Campaign.CreateCampaignTest" name="CreateCampaign" time="129.167"/>
  <system-out/>
</testsuite> <!-- Campaign.CreateCampaignTest -->
