<?xml version="1.0" encoding="UTF-8"?>
<!-- Generated by org.testng.reporters.JUnitReportReporter -->
<testsuite hostname="DESKTOP-S0OT7OH" failures="0" tests="3" name="Practice.TestNGPractice" time="0.030" errors="0" timestamp="2023-02-23T13:21:58 IST" skipped="0">
  <testcase classname="Practice.TestNGPractice" name="createContact" time="0.023"/>
  <system-out/>
  <testcase classname="Practice.TestNGPractice" name="modifyContact" time="0.004"/>
  <system-out/>
  <testcase classname="Practice.TestNGPractice" name="deleteContact" time="0.003"/>
  <system-out/>
</testsuite> <!-- Practice.TestNGPractice -->
