<?xml version="1.0" encoding="UTF-8"?>
<!-- Generated by org.testng.reporters.JUnitReportReporter -->
<testsuite hostname="DESKTOP-S0OT7OH" failures="0" tests="1" name="Campaign.CreateCampaign" time="66.456" errors="0" timestamp="2023-02-24T13:33:45 IST" skipped="0">
  <testcase classname="Campaign.CreateCampaign" name="CreateCampaign" time="66.456"/>
  <system-out/>
</testsuite> <!-- Campaign.CreateCampaign -->
