<?xml version="1.0" encoding="UTF-8"?>
<!-- Generated by org.testng.reporters.JUnitReportReporter -->
<testsuite hostname="DESKTOP-S0OT7OH" failures="0" tests="1" name="Campaign.CreateCampaignWithProduct" time="116.225" errors="0" timestamp="2023-02-24T15:00:25 IST" skipped="0">
  <testcase classname="Campaign.CreateCampaignWithProduct" name="CreateCampaignWithProduct" time="116.225"/>
  <system-out/>
</testsuite> <!-- Campaign.CreateCampaignWithProduct -->
