<?xml version="1.0" encoding="UTF-8"?>
<!-- Generated by org.testng.reporters.JUnitReportReporter -->
<testsuite hostname="DESKTOP-S0OT7OH" failures="0" tests="1" name="Practice.CreateOrganizationTest" time="42.816" errors="0" timestamp="2023-02-25T16:55:02 IST" skipped="0">
  <testcase classname="Practice.CreateOrganizationTest" name="m1" time="42.816"/>
  <system-out/>
</testsuite> <!-- Practice.CreateOrganizationTest -->
