<?xml version="1.0" encoding="UTF-8"?>
<!-- Generated by org.testng.reporters.JUnitReportReporter -->
<testsuite hostname="DESKTOP-S0OT7OH" failures="0" tests="2" name="Product.CreateProductTest" time="349.018" errors="0" timestamp="2023-03-02T20:11:14 IST" skipped="0">
  <testcase classname="Product.CreateProductTest" name="CreateProduct" time="277.695"/>
  <system-out/>
  <testcase classname="Product.CreateProductTest" name="CreateProduct" time="71.323"/>
  <system-out/>
</testsuite> <!-- Product.CreateProductTest -->
