<?xml version="1.0" encoding="UTF-8"?>
<!-- Generated by org.testng.reporters.JUnitReportReporter -->
<testsuite hostname="DESKTOP-S0OT7OH" failures="0" tests="3" name="Practice.DataProviderExcel" time="0.062" errors="0" timestamp="2023-03-21T20:06:43 IST" skipped="0">
  <testcase classname="Practice.DataProviderExcel" name="readData" time="0.004"/>
  <system-out/>
  <testcase classname="Practice.DataProviderExcel" name="readData" time="0.008"/>
  <system-out/>
  <testcase classname="Practice.DataProviderExcel" name="readData" time="0.050"/>
  <system-out/>
</testsuite> <!-- Practice.DataProviderExcel -->
