<?xml version="1.0" encoding="UTF-8"?>
<!-- Generated by org.testng.reporters.JUnitReportReporter -->
<testsuite hostname="DESKTOP-S0OT7OH" failures="0" tests="2" name="POM_Repository.DataP" time="0.037" errors="0" timestamp="2023-03-27T16:09:45 IST" skipped="0">
  <testcase classname="POM_Repository.DataP" name="bookTicket" time="0.001"/>
  <system-out/>
  <testcase classname="POM_Repository.DataP" name="bookTicket" time="0.036"/>
  <system-out/>
</testsuite> <!-- POM_Repository.DataP -->
