<?xml version="1.0" encoding="UTF-8"?>
<!-- Generated by org.testng.reporters.JUnitReportReporter -->
<testsuite hostname="DESKTOP-S0OT7OH" failures="0" tests="1" name="Organization.CreateOrganization" time="72.687" errors="0" timestamp="2023-02-24T16:00:34 IST" skipped="0">
  <testcase classname="Organization.CreateOrganization" name="CreateOrganization" time="72.687"/>
  <system-out/>
</testsuite> <!-- Organization.CreateOrganization -->
