<?xml version="1.0" encoding="UTF-8"?>
<!-- Generated by org.testng.reporters.JUnitReportReporter -->
<testsuite hostname="DESKTOP-S0OT7OH" failures="0" tests="3" name="Practice.DataProviderInVtiger" time="259.102" errors="0" timestamp="2023-03-04T12:10:52 IST" skipped="0">
  <testcase classname="Practice.DataProviderInVtiger" name="companyDetails" time="150.662"/>
  <system-out/>
  <testcase classname="Practice.DataProviderInVtiger" name="companyDetails" time="40.944"/>
  <system-out/>
  <testcase classname="Practice.DataProviderInVtiger" name="companyDetails" time="67.496"/>
  <system-out/>
</testsuite> <!-- Practice.DataProviderInVtiger -->
